#
# There is insufficient memory for the Java Runtime Environment to continue.
# Native memory allocation (malloc) failed to allocate 147849216 bytes for committing reserved memory.
# Possible reasons:
#   The system is out of physical RAM or swap space
#   In 32 bit mode, the process size limit was hit
# Possible solutions:
#   Reduce memory load on the system
#   Increase physical memory or swap space
#   Check if swap backing store is full
#   Use 64 bit Java on a 64 bit OS
#   Decrease Java heap size (-Xmx/-Xms)
#   Decrease number of Java threads
#   Decrease Java thread stack sizes (-Xss)
#   Set larger code cache with -XX:ReservedCodeCacheSize=
# This output file may be truncated or incomplete.
#
#  Out of Memory Error (os_linux.cpp:2756), pid=12223, tid=140063377708800
#
# JRE version: Java(TM) SE Runtime Environment (7.0_72-b14) (build 1.7.0_72-b14)
# Java VM: Java HotSpot(TM) 64-Bit Server VM (24.72-b04 mixed mode linux-amd64 compressed oops)
# Failed to write core dump. Core dumps have been disabled. To enable core dumping, try "ulimit -c unlimited" before starting Java again
#

---------------  T H R E A D  ---------------

Current thread (0x00007f631c06b800):  VMThread [stack: 0x00007f630bcfd000,0x00007f630bdfe000] [id=12238]

Stack: [0x00007f630bcfd000,0x00007f630bdfe000],  sp=0x00007f630bdfc1c0,  free space=1020k
Native frames: (J=compiled Java code, j=interpreted, Vv=VM code, C=native code)
V  [libjvm.so+0x9a10fa]  VMError::report_and_die()+0x2ea
V  [libjvm.so+0x49755b]  report_vm_out_of_memory(char const*, int, unsigned long, char const*)+0x9b
V  [libjvm.so+0x81ec4e]  os::Linux::commit_memory_impl(char*, unsigned long, bool)+0xfe
V  [libjvm.so+0x81f199]  os::pd_commit_memory(char*, unsigned long, unsigned long, bool)+0x29
V  [libjvm.so+0x818f2a]  os::commit_memory(char*, unsigned long, unsigned long, bool)+0x2a
V  [libjvm.so+0x88ba53]  PSVirtualSpace::expand_by(unsigned long)+0x53
V  [libjvm.so+0x88ce28]  PSYoungGen::resize_generation(unsigned long, unsigned long)+0xf8
V  [libjvm.so+0x88bf92]  PSYoungGen::resize(unsigned long, unsigned long)+0x22
V  [libjvm.so+0x8893e3]  PSScavenge::invoke_no_policy()+0xfb3
V  [libjvm.so+0x889b91]  PSScavenge::invoke()+0x41
V  [libjvm.so+0x8407c0]  ParallelScavengeHeap::failed_mem_allocate(unsigned long)+0x70
V  [libjvm.so+0x9a2987]  VM_ParallelGCFailedAllocation::doit()+0x97
V  [libjvm.so+0x9a9e25]  VM_Operation::evaluate()+0x55
V  [libjvm.so+0x9a81ea]  VMThread::evaluate_operation(VM_Operation*)+0xba
V  [libjvm.so+0x9a856e]  VMThread::loop()+0x1ce
V  [libjvm.so+0x9a89e0]  VMThread::run()+0x70
V  [libjvm.so+0x820c28]  java_start(Thread*)+0x108

VM_Operation (0x00007f6323999380): ParallelGCFailedAllocation, mode: safepoint, requested by thread 0x00007f631c00b800


---------------  P R O C E S S  ---------------

Java Threads: ( => current thread )
  0x00007f631c09a000 JavaThread "Service Thread" daemon [_thread_blocked, id=12244, stack(0x00007f630b015000,0x00007f630b116000)]
  0x00007f631c097800 JavaThread "C2 CompilerThread1" daemon [_thread_blocked, id=12243, stack(0x00007f630b116000,0x00007f630b217000)]
  0x00007f631c094800 JavaThread "C2 CompilerThread0" daemon [_thread_blocked, id=12242, stack(0x00007f630b217000,0x00007f630b318000)]
  0x00007f631c092800 JavaThread "Signal Dispatcher" daemon [_thread_blocked, id=12241, stack(0x00007f630b318000,0x00007f630b419000)]
  0x00007f631c071800 JavaThread "Finalizer" daemon [_thread_blocked, id=12240, stack(0x00007f630bafb000,0x00007f630bbfc000)]
  0x00007f631c06f800 JavaThread "Reference Handler" daemon [_thread_blocked, id=12239, stack(0x00007f630bbfc000,0x00007f630bcfd000)]
  0x00007f631c00b800 JavaThread "main" [_thread_blocked, id=12229, stack(0x00007f632389a000,0x00007f632399b000)]

Other Threads:
=>0x00007f631c06b800 VMThread [stack: 0x00007f630bcfd000,0x00007f630bdfe000] [id=12238]
  0x00007f631c0a4800 WatcherThread [stack: 0x00007f630af14000,0x00007f630b015000] [id=12245]

VM state:at safepoint (normal execution)

VM Mutex/Monitor currently owned by a thread:  ([mutex/lock_event])
[0x00007f631c007d90] Threads_lock - owner thread: 0x00007f631c06b800
[0x00007f631c008290] Heap_lock - owner thread: 0x00007f631c00b800

Heap
 PSYoungGen      total 134144K, used 5119K [0x00000000eaa80000, 0x00000000f3280000, 0x0000000100000000)
  eden space 129024K, 0% used [0x00000000eaa80000,0x00000000eaa80000,0x00000000f2880000)
  from space 5120K, 99% used [0x00000000f2880000,0x00000000f2d7fdc8,0x00000000f2d80000)
  to   space 5120K, 0% used [0x00000000f2d80000,0x00000000f2d80000,0x00000000f3280000)
 ParOldGen       total 83968K, used 16450K [0x00000000c0000000, 0x00000000c5200000, 0x00000000eaa80000)
  object space 83968K, 19% used [0x00000000c0000000,0x00000000c1010850,0x00000000c5200000)
 PSPermGen       total 21504K, used 7109K [0x00000000bae00000, 0x00000000bc300000, 0x00000000c0000000)
  object space 21504K, 33% used [0x00000000bae00000,0x00000000bb4f15c0,0x00000000bc300000)

Card table byte_map: [0x00007f6320967000,0x00007f6320b91000] byte_map_base: 0x00007f6320390000

Polling page: 0x00007f63239c4000

Code Cache  [0x00007f6319000000, 0x00007f6319270000, 0x00007f631c000000)
 total_blobs=947 nmethods=695 adapters=205 free_code_cache=47271Kb largest_free_block=48370304

Compilation events (10 events):
Event: 6.757 Thread 0x00007f631c094800 nmethod 703 0x00007f63190b4690 code [0x00007f63190b47c0, 0x00007f63190b4818]
Event: 6.757 Thread 0x00007f631c094800  704             com.android.dex.Dex$Section::readCatchHandler (82 bytes)
Event: 6.775 Thread 0x00007f631c097800 nmethod 701 0x00007f63191d7f10 code [0x00007f63191d80e0, 0x00007f63191d8a18]
Event: 6.781 Thread 0x00007f631c094800 nmethod 704 0x00007f6319111a10 code [0x00007f6319111bc0, 0x00007f6319112228]
Event: 6.801 Thread 0x00007f631c097800  705             com.android.dx.io.instructions.InstructionCodec$32::decode (74 bytes)
Event: 6.802 Thread 0x00007f631c094800  706             com.android.dx.io.instructions.InstructionCodec$32::encode (95 bytes)
Event: 6.813 Thread 0x00007f631c094800 nmethod 706 0x00007f63191dd350 code [0x00007f63191dd4e0, 0x00007f63191ddaa8]
Event: 7.114 Thread 0x00007f631c097800 nmethod 705 0x00007f63191ddf90 code [0x00007f63191de120, 0x00007f63191de888]
Event: 7.695 Thread 0x00007f631c094800  707             java.util.ComparableTimSort::mergeLo (652 bytes)
Event: 7.716 Thread 0x00007f631c097800  708             com.android.dx.io.instructions.InstructionCodec$14::decode (53 bytes)

GC Heap History (9 events):
Event: 1.990 GC heap before
{Heap before GC invocations=1 (full 0):
 PSYoungGen      total 37376K, used 32256K [0x00000000eaa80000, 0x00000000ed400000, 0x0000000100000000)
  eden space 32256K, 100% used [0x00000000eaa80000,0x00000000eca00000,0x00000000eca00000)
  from space 5120K, 0% used [0x00000000ecf00000,0x00000000ecf00000,0x00000000ed400000)
  to   space 5120K, 0% used [0x00000000eca00000,0x00000000eca00000,0x00000000ecf00000)
 ParOldGen       total 83968K, used 0K [0x00000000c0000000, 0x00000000c5200000, 0x00000000eaa80000)
  object space 83968K, 0% used [0x00000000c0000000,0x00000000c0000000,0x00000000c5200000)
 PSPermGen       total 21504K, used 5373K [0x00000000bae00000, 0x00000000bc300000, 0x00000000c0000000)
  object space 21504K, 24% used [0x00000000bae00000,0x00000000bb33f7b0,0x00000000bc300000)
Event: 2.011 GC heap after
Heap after GC invocations=1 (full 0):
 PSYoungGen      total 37376K, used 5116K [0x00000000eaa80000, 0x00000000ef380000, 0x0000000100000000)
  eden space 32256K, 0% used [0x00000000eaa80000,0x00000000eaa80000,0x00000000eca00000)
  from space 5120K, 99% used [0x00000000eca00000,0x00000000eceff290,0x00000000ecf00000)
  to   space 5120K, 0% used [0x00000000eee80000,0x00000000eee80000,0x00000000ef380000)
 ParOldGen       total 83968K, used 3271K [0x00000000c0000000, 0x00000000c5200000, 0x00000000eaa80000)
  object space 83968K, 3% used [0x00000000c0000000,0x00000000c0331e60,0x00000000c5200000)
 PSPermGen       total 21504K, used 5373K [0x00000000bae00000, 0x00000000bc300000, 0x00000000c0000000)
  object space 21504K, 24% used [0x00000000bae00000,0x00000000bb33f7b0,0x00000000bc300000)
}
Event: 4.508 GC heap before
{Heap before GC invocations=2 (full 0):
 PSYoungGen      total 37376K, used 37372K [0x00000000eaa80000, 0x00000000ef380000, 0x0000000100000000)
  eden space 32256K, 100% used [0x00000000eaa80000,0x00000000eca00000,0x00000000eca00000)
  from space 5120K, 99% used [0x00000000eca00000,0x00000000eceff290,0x00000000ecf00000)
  to   space 5120K, 0% used [0x00000000eee80000,0x00000000eee80000,0x00000000ef380000)
 ParOldGen       total 83968K, used 3271K [0x00000000c0000000, 0x00000000c5200000, 0x00000000eaa80000)
  object space 83968K, 3% used [0x00000000c0000000,0x00000000c0331e60,0x00000000c5200000)
 PSPermGen       total 21504K, used 6916K [0x00000000bae00000, 0x00000000bc300000, 0x00000000c0000000)
  object space 21504K, 32% used [0x00000000bae00000,0x00000000bb4c1338,0x00000000bc300000)
Event: 4.541 GC heap after
Heap after GC invocations=2 (full 0):
 PSYoungGen      total 69632K, used 5109K [0x00000000eaa80000, 0x00000000ef380000, 0x0000000100000000)
  eden space 64512K, 0% used [0x00000000eaa80000,0x00000000eaa80000,0x00000000ee980000)
  from space 5120K, 99% used [0x00000000eee80000,0x00000000ef37d6f0,0x00000000ef380000)
  to   space 5120K, 0% used [0x00000000ee980000,0x00000000ee980000,0x00000000eee80000)
 ParOldGen       total 83968K, used 9825K [0x00000000c0000000, 0x00000000c5200000, 0x00000000eaa80000)
  object space 83968K, 11% used [0x00000000c0000000,0x00000000c0998410,0x00000000c5200000)
 PSPermGen       total 21504K, used 6916K [0x00000000bae00000, 0x00000000bc300000, 0x00000000c0000000)
  object space 21504K, 32% used [0x00000000bae00000,0x00000000bb4c1338,0x00000000bc300000)
}
Event: 5.849 GC heap before
{Heap before GC invocations=3 (full 0):
 PSYoungGen      total 69632K, used 69292K [0x00000000eaa80000, 0x00000000ef380000, 0x0000000100000000)
  eden space 64512K, 99% used [0x00000000eaa80000,0x00000000ee92d9a0,0x00000000ee980000)
  from space 5120K, 99% used [0x00000000eee80000,0x00000000ef37d6f0,0x00000000ef380000)
  to   space 5120K, 0% used [0x00000000ee980000,0x00000000ee980000,0x00000000eee80000)
 ParOldGen       total 83968K, used 9825K [0x00000000c0000000, 0x00000000c5200000, 0x00000000eaa80000)
  object space 83968K, 11% used [0x00000000c0000000,0x00000000c0998410,0x00000000c5200000)
 PSPermGen       total 21504K, used 7079K [0x00000000bae00000, 0x00000000bc300000, 0x00000000c0000000)
  object space 21504K, 32% used [0x00000000bae00000,0x00000000bb4e9f50,0x00000000bc300000)
Event: 5.868 GC heap after
Heap after GC invocations=3 (full 0):
 PSYoungGen      total 69632K, used 5093K [0x00000000eaa80000, 0x00000000f3280000, 0x0000000100000000)
  eden space 64512K, 0% used [0x00000000eaa80000,0x00000000eaa80000,0x00000000ee980000)
  from space 5120K, 99% used [0x00000000ee980000,0x00000000eee796e0,0x00000000eee80000)
  to   space 5120K, 0% used [0x00000000f2d80000,0x00000000f2d80000,0x00000000f3280000)
 ParOldGen       total 83968K, used 11210K [0x00000000c0000000, 0x00000000c5200000, 0x00000000eaa80000)
  object space 83968K, 13% used [0x00000000c0000000,0x00000000c0af2a40,0x00000000c5200000)
 PSPermGen       total 21504K, used 7079K [0x00000000bae00000, 0x00000000bc300000, 0x00000000c0000000)
  object space 21504K, 32% used [0x00000000bae00000,0x00000000bb4e9f50,0x00000000bc300000)
}
Event: 6.365 GC heap before
{Heap before GC invocations=4 (full 0):
 PSYoungGen      total 69632K, used 68383K [0x00000000eaa80000, 0x00000000f3280000, 0x0000000100000000)
  eden space 64512K, 98% used [0x00000000eaa80000,0x00000000ee84e628,0x00000000ee980000)
  from space 5120K, 99% used [0x00000000ee980000,0x00000000eee796e0,0x00000000eee80000)
  to   space 5120K, 0% used [0x00000000f2d80000,0x00000000f2d80000,0x00000000f3280000)
 ParOldGen       total 83968K, used 11210K [0x00000000c0000000, 0x00000000c5200000, 0x00000000eaa80000)
  object space 83968K, 13% used [0x00000000c0000000,0x00000000c0af2a40,0x00000000c5200000)
 PSPermGen       total 21504K, used 7102K [0x00000000bae00000, 0x00000000bc300000, 0x00000000c0000000)
  object space 21504K, 33% used [0x00000000bae00000,0x00000000bb4ef850,0x00000000bc300000)
Event: 6.384 GC heap after
Heap after GC invocations=4 (full 0):
 PSYoungGen      total 134144K, used 5089K [0x00000000eaa80000, 0x00000000f3280000, 0x0000000100000000)
  eden space 129024K, 0% used [0x00000000eaa80000,0x00000000eaa80000,0x00000000f2880000)
  from space 5120K, 99% used [0x00000000f2d80000,0x00000000f3278458,0x00000000f3280000)
  to   space 5120K, 0% used [0x00000000f2880000,0x00000000f2880000,0x00000000f2d80000)
 ParOldGen       total 83968K, used 12255K [0x00000000c0000000, 0x00000000c5200000, 0x00000000eaa80000)
  object space 83968K, 14% used [0x00000000c0000000,0x00000000c0bf7f00,0x00000000c5200000)
 PSPermGen       total 21504K, used 7102K [0x00000000bae00000, 0x00000000bc300000, 0x00000000c0000000)
  object space 21504K, 33% used [0x00000000bae00000,0x00000000bb4ef850,0x00000000bc300000)
}
Event: 7.816 GC heap before
{Heap before GC invocations=5 (full 0):
 PSYoungGen      total 134144K, used 134113K [0x00000000eaa80000, 0x00000000f3280000, 0x0000000100000000)
  eden space 129024K, 100% used [0x00000000eaa80000,0x00000000f2880000,0x00000000f2880000)
  from space 5120K, 99% used [0x00000000f2d80000,0x00000000f3278458,0x00000000f3280000)
  to   space 5120K, 0% used [0x00000000f2880000,0x00000000f2880000,0x00000000f2d80000)
 ParOldGen       total 83968K, used 12255K [0x00000000c0000000, 0x00000000c5200000, 0x00000000eaa80000)
  object space 83968K, 14% used [0x00000000c0000000,0x00000000c0bf7f00,0x00000000c5200000)
 PSPermGen       total 21504K, used 7109K [0x00000000bae00000, 0x00000000bc300000, 0x00000000c0000000)
  object space 21504K, 33% used [0x00000000bae00000,0x00000000bb4f15c0,0x00000000bc300000)

Deoptimization events (10 events):
Event: 5.901 Thread 0x00007f631c00b800 Uncommon trap: reason=predicate action=maybe_recompile pc=0x00007f6319180898 method=java.util.TimSort.binarySort([Ljava/lang/Object;IIILjava/util/Comparator;)V @ 37
Event: 5.958 Thread 0x00007f631c00b800 Uncommon trap: reason=array_check action=maybe_recompile pc=0x00007f6319183908 method=java.util.ComparableTimSort.binarySort([Ljava/lang/Object;III)V @ 215
Event: 5.959 Thread 0x00007f631c00b800 Uncommon trap: reason=array_check action=maybe_recompile pc=0x00007f63191839c4 method=java.util.ComparableTimSort.binarySort([Ljava/lang/Object;III)V @ 193
Event: 6.081 Thread 0x00007f631c00b800 Uncommon trap: reason=array_check action=maybe_recompile pc=0x00007f6319198c8c method=java.util.TimSort.binarySort([Ljava/lang/Object;IIILjava/util/Comparator;)V @ 183
Event: 6.081 Thread 0x00007f631c00b800 Uncommon trap: reason=array_check action=maybe_recompile pc=0x00007f6319198bbc method=java.util.TimSort.binarySort([Ljava/lang/Object;IIILjava/util/Comparator;)V @ 193
Event: 6.081 Thread 0x00007f631c00b800 Uncommon trap: reason=array_check action=maybe_recompile pc=0x00007f6319198c8c method=java.util.TimSort.binarySort([Ljava/lang/Object;IIILjava/util/Comparator;)V @ 183
Event: 6.082 Thread 0x00007f631c00b800 Uncommon trap: reason=array_check action=maybe_recompile pc=0x00007f6319198acc method=java.util.TimSort.binarySort([Ljava/lang/Object;IIILjava/util/Comparator;)V @ 215
Event: 6.082 Thread 0x00007f631c00b800 Uncommon trap: reason=array_check action=maybe_recompile pc=0x00007f6319198c8c method=java.util.TimSort.binarySort([Ljava/lang/Object;IIILjava/util/Comparator;)V @ 183
Event: 6.365 Thread 0x00007f631c00b800 Uncommon trap: reason=array_check action=maybe_recompile pc=0x00007f631919a49c method=java.util.ComparableTimSort.binarySort([Ljava/lang/Object;III)V @ 183
Event: 6.553 Thread 0x00007f631c00b800 Uncommon trap: reason=array_check action=maybe_recompile pc=0x00007f631919a49c method=java.util.ComparableTimSort.binarySort([Ljava/lang/Object;III)V @ 183

Internal exceptions (10 events):
Event: 4.194 Thread 0x00007f631c00b800 Threw 0x00000000ec238548 at /HUDSON/workspace/7u-2-build-linux-amd64/jdk7u72/1606/hotspot/src/share/vm/prims/jvm.cpp:1281
Event: 4.194 Thread 0x00007f631c00b800 Threw 0x00000000ec23b448 at /HUDSON/workspace/7u-2-build-linux-amd64/jdk7u72/1606/hotspot/src/share/vm/prims/jvm.cpp:1281
Event: 4.195 Thread 0x00007f631c00b800 Threw 0x00000000ec23e760 at /HUDSON/workspace/7u-2-build-linux-amd64/jdk7u72/1606/hotspot/src/share/vm/prims/jvm.cpp:1281
Event: 4.202 Thread 0x00007f631c00b800 Threw 0x00000000ec245b00 at /HUDSON/workspace/7u-2-build-linux-amd64/jdk7u72/1606/hotspot/src/share/vm/prims/jvm.cpp:1281
Event: 4.202 Thread 0x00007f631c00b800 Threw 0x00000000ec247b80 at /HUDSON/workspace/7u-2-build-linux-amd64/jdk7u72/1606/hotspot/src/share/vm/prims/jvm.cpp:1281
Event: 4.275 Thread 0x00007f631c00b800 Threw 0x00000000ec338530 at /HUDSON/workspace/7u-2-build-linux-amd64/jdk7u72/1606/hotspot/src/share/vm/prims/jvm.cpp:1281
Event: 4.275 Thread 0x00007f631c00b800 Threw 0x00000000ec338658 at /HUDSON/workspace/7u-2-build-linux-amd64/jdk7u72/1606/hotspot/src/share/vm/prims/jvm.cpp:1281
Event: 4.276 Thread 0x00007f631c00b800 Threw 0x00000000ec33a9c8 at /HUDSON/workspace/7u-2-build-linux-amd64/jdk7u72/1606/hotspot/src/share/vm/prims/jvm.cpp:1281
Event: 4.276 Thread 0x00007f631c00b800 Threw 0x00000000ec33aaf0 at /HUDSON/workspace/7u-2-build-linux-amd64/jdk7u72/1606/hotspot/src/share/vm/prims/jvm.cpp:1281
Event: 4.774 Thread 0x00007f631c00b800 Threw 0x00000000eb772370 at /HUDSON/workspace/7u-2-build-linux-amd64/jdk7u72/1606/hotspot/src/share/vm/prims/jvm.cpp:1281

Events (10 events):
Event: 6.365 Executing VM operation: ParallelGCFailedAllocation
Event: 6.384 Executing VM operation: ParallelGCFailedAllocation done
Event: 6.531 Thread 0x00007f631c094800 flushing nmethod 0x00007f63190b4690
Event: 6.531 Thread 0x00007f631c094800 flushing nmethod 0x00007f63190b6010
Event: 6.532 Thread 0x00007f631c094800 flushing nmethod 0x00007f63190d1250
Event: 6.542 Thread 0x00007f631c094800 flushing nmethod 0x00007f6319111a10
Event: 6.553 Thread 0x00007f631c00b800 Uncommon trap: trap_request=0xffffffd6 fr.pc=0x00007f631919a49c
Event: 6.553 Thread 0x00007f631c00b800 DEOPT PACKING pc=0x00007f631919a49c sp=0x00007f6323999410
Event: 6.553 Thread 0x00007f631c00b800 DEOPT UNPACKING pc=0x00007f6319039445 sp=0x00007f63239993e8 mode 2
Event: 7.771 Executing VM operation: ParallelGCFailedAllocation


Dynamic libraries:
00400000-00401000 r-xp 00000000 08:04 3024187                            /usr/lib/jvm/java-7-oracle/bin/java
00600000-00601000 rw-p 00000000 08:04 3024187                            /usr/lib/jvm/java-7-oracle/bin/java
023bb000-023dc000 rw-p 00000000 00:00 0                                  [heap]
bae00000-bc300000 rw-p 00000000 00:00 0 
bc300000-c0000000 rw-p 00000000 00:00 0 
c0000000-c5200000 rw-p 00000000 00:00 0 
c5200000-eaa80000 rw-p 00000000 00:00 0 
eaa80000-f3280000 rw-p 00000000 00:00 0 
fbf80000-100000000 rw-p 00000000 00:00 0 
7f62dc000000-7f62dc021000 rw-p 00000000 00:00 0 
7f62dc021000-7f62e0000000 ---p 00000000 00:00 0 
7f62e4000000-7f62e4976000 rw-p 00000000 00:00 0 
7f62e4976000-7f62e8000000 ---p 00000000 00:00 0 
7f62e8000000-7f62e8021000 rw-p 00000000 00:00 0 
7f62e8021000-7f62ec000000 ---p 00000000 00:00 0 
7f62ec000000-7f62ec021000 rw-p 00000000 00:00 0 
7f62ec021000-7f62f0000000 ---p 00000000 00:00 0 
7f62f0000000-7f62f0856000 rw-p 00000000 00:00 0 
7f62f0856000-7f62f4000000 ---p 00000000 00:00 0 
7f62f4000000-7f62f4021000 rw-p 00000000 00:00 0 
7f62f4021000-7f62f8000000 ---p 00000000 00:00 0 
7f62f8000000-7f62f8021000 rw-p 00000000 00:00 0 
7f62f8021000-7f62fc000000 ---p 00000000 00:00 0 
7f62fc000000-7f62fc021000 rw-p 00000000 00:00 0 
7f62fc021000-7f6300000000 ---p 00000000 00:00 0 
7f6301d70000-7f6304000000 rw-p 00000000 00:00 0 
7f6304000000-7f6304021000 rw-p 00000000 00:00 0 
7f6304021000-7f6308000000 ---p 00000000 00:00 0 
7f630a980000-7f630aaec000 rw-p 00000000 00:00 0 
7f630aaec000-7f630ab02000 r-xp 00000000 08:04 165637                     /usr/lib/jvm/java-7-oracle/jre/lib/amd64/libnet.so
7f630ab02000-7f630ad02000 ---p 00016000 08:04 165637                     /usr/lib/jvm/java-7-oracle/jre/lib/amd64/libnet.so
7f630ad02000-7f630ad03000 rw-p 00016000 08:04 165637                     /usr/lib/jvm/java-7-oracle/jre/lib/amd64/libnet.so
7f630ad03000-7f630ad13000 r-xp 00000000 08:04 165676                     /usr/lib/jvm/java-7-oracle/jre/lib/amd64/libnio.so
7f630ad13000-7f630af13000 ---p 00010000 08:04 165676                     /usr/lib/jvm/java-7-oracle/jre/lib/amd64/libnio.so
7f630af13000-7f630af14000 rw-p 00010000 08:04 165676                     /usr/lib/jvm/java-7-oracle/jre/lib/amd64/libnio.so
7f630af14000-7f630af15000 ---p 00000000 00:00 0 
7f630af15000-7f630b015000 rw-p 00000000 00:00 0                          [stack:12245]
7f630b015000-7f630b018000 ---p 00000000 00:00 0 
7f630b018000-7f630b116000 rw-p 00000000 00:00 0                          [stack:12244]
7f630b116000-7f630b119000 ---p 00000000 00:00 0 
7f630b119000-7f630b217000 rw-p 00000000 00:00 0                          [stack:12243]
7f630b217000-7f630b21a000 ---p 00000000 00:00 0 
7f630b21a000-7f630b318000 rw-p 00000000 00:00 0                          [stack:12242]
7f630b318000-7f630b31b000 ---p 00000000 00:00 0 
7f630b31b000-7f630b419000 rw-p 00000000 00:00 0                          [stack:12241]
7f630b419000-7f630bafb000 r--p 00000000 08:04 2760571                    /usr/lib/locale/locale-archive
7f630bafb000-7f630bafe000 ---p 00000000 00:00 0 
7f630bafe000-7f630bbfc000 rw-p 00000000 00:00 0                          [stack:12240]
7f630bbfc000-7f630bbff000 ---p 00000000 00:00 0 
7f630bbff000-7f630bcfd000 rw-p 00000000 00:00 0                          [stack:12239]
7f630bcfd000-7f630bcfe000 ---p 00000000 00:00 0 
7f630bcfe000-7f630c000000 rw-p 00000000 00:00 0                          [stack:12238]
7f630c000000-7f630c021000 rw-p 00000000 00:00 0 
7f630c021000-7f6310000000 ---p 00000000 00:00 0 
7f6310000000-7f6310021000 rw-p 00000000 00:00 0 
7f6310021000-7f6314000000 ---p 00000000 00:00 0 
7f6314000000-7f6314021000 rw-p 00000000 00:00 0 
7f6314021000-7f6318000000 ---p 00000000 00:00 0 
7f6318016000-7f6318e40000 rw-p 00000000 00:00 0 
7f6318e40000-7f6319000000 r--s 039ea000 08:04 3163775                    /usr/lib/jvm/java-7-oracle/jre/lib/rt.jar
7f6319000000-7f6319270000 rwxp 00000000 00:00 0 
7f6319270000-7f631c285000 rw-p 00000000 00:00 0 
7f631c285000-7f6320000000 ---p 00000000 00:00 0 
7f6320014000-7f63203e4000 rw-p 00000000 00:00 0 
7f63203e4000-7f63203e5000 ---p 00000000 00:00 0 
7f63203e5000-7f63204e5000 rw-p 00000000 00:00 0                          [stack:12237]
7f63204e5000-7f63204e6000 ---p 00000000 00:00 0 
7f63204e6000-7f63205e6000 rw-p 00000000 00:00 0                          [stack:12236]
7f63205e6000-7f63205e7000 ---p 00000000 00:00 0 
7f63205e7000-7f63206e7000 rw-p 00000000 00:00 0                          [stack:12235]
7f63206e7000-7f63206e8000 ---p 00000000 00:00 0 
7f63206e8000-7f63207f3000 rw-p 00000000 00:00 0                          [stack:12232]
7f63207f3000-7f6320811000 rw-p 00000000 00:00 0 
7f6320811000-7f632083a000 rw-p 00000000 00:00 0 
7f632083a000-7f6320967000 rw-p 00000000 00:00 0 
7f6320967000-7f6320972000 rw-p 00000000 00:00 0 
7f6320972000-7f6320990000 rw-p 00000000 00:00 0 
7f6320990000-7f63209b9000 rw-p 00000000 00:00 0 
7f63209b9000-7f6320ae5000 rw-p 00000000 00:00 0 
7f6320ae5000-7f6320b2a000 rw-p 00000000 00:00 0 
7f6320b2a000-7f6320b90000 rw-p 00000000 00:00 0 
7f6320b90000-7f6320b91000 rw-p 00000000 00:00 0 
7f6320b91000-7f6320bab000 r-xp 00000000 08:04 165665                     /usr/lib/jvm/java-7-oracle/jre/lib/amd64/libzip.so
7f6320bab000-7f6320dab000 ---p 0001a000 08:04 165665                     /usr/lib/jvm/java-7-oracle/jre/lib/amd64/libzip.so
7f6320dab000-7f6320dac000 rw-p 0001a000 08:04 165665                     /usr/lib/jvm/java-7-oracle/jre/lib/amd64/libzip.so
7f6320dac000-7f6320db7000 r-xp 00000000 08:04 2510332                    /lib/x86_64-linux-gnu/libnss_files-2.19.so
7f6320db7000-7f6320fb6000 ---p 0000b000 08:04 2510332                    /lib/x86_64-linux-gnu/libnss_files-2.19.so
7f6320fb6000-7f6320fb7000 r--p 0000a000 08:04 2510332                    /lib/x86_64-linux-gnu/libnss_files-2.19.so
7f6320fb7000-7f6320fb8000 rw-p 0000b000 08:04 2510332                    /lib/x86_64-linux-gnu/libnss_files-2.19.so
7f6320fb8000-7f6320fc3000 r-xp 00000000 08:04 2510329                    /lib/x86_64-linux-gnu/libnss_nis-2.19.so
7f6320fc3000-7f63211c2000 ---p 0000b000 08:04 2510329                    /lib/x86_64-linux-gnu/libnss_nis-2.19.so
7f63211c2000-7f63211c3000 r--p 0000a000 08:04 2510329                    /lib/x86_64-linux-gnu/libnss_nis-2.19.so
7f63211c3000-7f63211c4000 rw-p 0000b000 08:04 2510329                    /lib/x86_64-linux-gnu/libnss_nis-2.19.so
7f63211c4000-7f63211db000 r-xp 00000000 08:04 2510313                    /lib/x86_64-linux-gnu/libnsl-2.19.so
7f63211db000-7f63213da000 ---p 00017000 08:04 2510313                    /lib/x86_64-linux-gnu/libnsl-2.19.so
7f63213da000-7f63213db000 r--p 00016000 08:04 2510313                    /lib/x86_64-linux-gnu/libnsl-2.19.so
7f63213db000-7f63213dc000 rw-p 00017000 08:04 2510313                    /lib/x86_64-linux-gnu/libnsl-2.19.so
7f63213dc000-7f63213de000 rw-p 00000000 00:00 0 
7f63213de000-7f63213e7000 r-xp 00000000 08:04 2510301                    /lib/x86_64-linux-gnu/libnss_compat-2.19.so
7f63213e7000-7f63215e6000 ---p 00009000 08:04 2510301                    /lib/x86_64-linux-gnu/libnss_compat-2.19.so
7f63215e6000-7f63215e7000 r--p 00008000 08:04 2510301                    /lib/x86_64-linux-gnu/libnss_compat-2.19.so
7f63215e7000-7f63215e8000 rw-p 00009000 08:04 2510301                    /lib/x86_64-linux-gnu/libnss_compat-2.19.so
7f63215e8000-7f6321611000 r-xp 00000000 08:04 165671                     /usr/lib/jvm/java-7-oracle/jre/lib/amd64/libjava.so
7f6321611000-7f6321811000 ---p 00029000 08:04 165671                     /usr/lib/jvm/java-7-oracle/jre/lib/amd64/libjava.so
7f6321811000-7f6321813000 rw-p 00029000 08:04 165671                     /usr/lib/jvm/java-7-oracle/jre/lib/amd64/libjava.so
7f6321813000-7f6321820000 r-xp 00000000 08:04 165664                     /usr/lib/jvm/java-7-oracle/jre/lib/amd64/libverify.so
7f6321820000-7f6321a1f000 ---p 0000d000 08:04 165664                     /usr/lib/jvm/java-7-oracle/jre/lib/amd64/libverify.so
7f6321a1f000-7f6321a21000 rw-p 0000c000 08:04 165664                     /usr/lib/jvm/java-7-oracle/jre/lib/amd64/libverify.so
7f6321a21000-7f6321a28000 r-xp 00000000 08:04 2510273                    /lib/x86_64-linux-gnu/librt-2.19.so
7f6321a28000-7f6321c27000 ---p 00007000 08:04 2510273                    /lib/x86_64-linux-gnu/librt-2.19.so
7f6321c27000-7f6321c28000 r--p 00006000 08:04 2510273                    /lib/x86_64-linux-gnu/librt-2.19.so
7f6321c28000-7f6321c29000 rw-p 00007000 08:04 2510273                    /lib/x86_64-linux-gnu/librt-2.19.so
7f6321c29000-7f6321d2e000 r-xp 00000000 08:04 2510312                    /lib/x86_64-linux-gnu/libm-2.19.so
7f6321d2e000-7f6321f2d000 ---p 00105000 08:04 2510312                    /lib/x86_64-linux-gnu/libm-2.19.so
7f6321f2d000-7f6321f2e000 r--p 00104000 08:04 2510312                    /lib/x86_64-linux-gnu/libm-2.19.so
7f6321f2e000-7f6321f2f000 rw-p 00105000 08:04 2510312                    /lib/x86_64-linux-gnu/libm-2.19.so
7f6321f2f000-7f6322aa2000 r-xp 00000000 08:04 165668                     /usr/lib/jvm/java-7-oracle/jre/lib/amd64/server/libjvm.so
7f6322aa2000-7f6322ca1000 ---p 00b73000 08:04 165668                     /usr/lib/jvm/java-7-oracle/jre/lib/amd64/server/libjvm.so
7f6322ca1000-7f6322d65000 rw-p 00b72000 08:04 165668                     /usr/lib/jvm/java-7-oracle/jre/lib/amd64/server/libjvm.so
7f6322d65000-7f6322da6000 rw-p 00000000 00:00 0 
7f6322da6000-7f6322f61000 r-xp 00000000 08:04 2510270                    /lib/x86_64-linux-gnu/libc-2.19.so
7f6322f61000-7f6323161000 ---p 001bb000 08:04 2510270                    /lib/x86_64-linux-gnu/libc-2.19.so
7f6323161000-7f6323165000 r--p 001bb000 08:04 2510270                    /lib/x86_64-linux-gnu/libc-2.19.so
7f6323165000-7f6323167000 rw-p 001bf000 08:04 2510270                    /lib/x86_64-linux-gnu/libc-2.19.so
7f6323167000-7f632316c000 rw-p 00000000 00:00 0 
7f632316c000-7f632316f000 r-xp 00000000 08:04 2510298                    /lib/x86_64-linux-gnu/libdl-2.19.so
7f632316f000-7f632336e000 ---p 00003000 08:04 2510298                    /lib/x86_64-linux-gnu/libdl-2.19.so
7f632336e000-7f632336f000 r--p 00002000 08:04 2510298                    /lib/x86_64-linux-gnu/libdl-2.19.so
7f632336f000-7f6323370000 rw-p 00003000 08:04 2510298                    /lib/x86_64-linux-gnu/libdl-2.19.so
7f6323370000-7f6323386000 r-xp 00000000 08:04 3163635                    /usr/lib/jvm/java-7-oracle/lib/amd64/jli/libjli.so
7f6323386000-7f6323586000 ---p 00016000 08:04 3163635                    /usr/lib/jvm/java-7-oracle/lib/amd64/jli/libjli.so
7f6323586000-7f6323587000 rw-p 00016000 08:04 3163635                    /usr/lib/jvm/java-7-oracle/lib/amd64/jli/libjli.so
7f6323587000-7f63235a0000 r-xp 00000000 08:04 2510331                    /lib/x86_64-linux-gnu/libpthread-2.19.so
7f63235a0000-7f632379f000 ---p 00019000 08:04 2510331                    /lib/x86_64-linux-gnu/libpthread-2.19.so
7f632379f000-7f63237a0000 r--p 00018000 08:04 2510331                    /lib/x86_64-linux-gnu/libpthread-2.19.so
7f63237a0000-7f63237a1000 rw-p 00019000 08:04 2510331                    /lib/x86_64-linux-gnu/libpthread-2.19.so
7f63237a1000-7f63237a5000 rw-p 00000000 00:00 0 
7f63237a5000-7f63237c8000 r-xp 00000000 08:04 2510231                    /lib/x86_64-linux-gnu/ld-2.19.so
7f63237cb000-7f63237da000 r--s 000dd000 08:04 3168487                    /home/dinesh/Android/Sdk/build-tools/21.1.2/lib/dx.jar
7f63237da000-7f63237e4000 rw-p 00000000 00:00 0 
7f63237e4000-7f632389a000 rw-p 00000000 00:00 0 
7f632389a000-7f632389d000 ---p 00000000 00:00 0 
7f632389d000-7f63239a0000 rw-p 00000000 00:00 0                          [stack:12229]
7f63239a0000-7f63239a5000 r--s 0008a000 08:04 3163791                    /usr/lib/jvm/java-7-oracle/jre/lib/jsse.jar
7f63239a5000-7f63239bb000 rw-p 00000000 00:00 0 
7f63239bb000-7f63239c3000 rw-s 00000000 08:04 669176                     /tmp/hsperfdata_dinesh/12223
7f63239c3000-7f63239c4000 rw-p 00000000 00:00 0 
7f63239c4000-7f63239c5000 ---p 00000000 00:00 0 
7f63239c5000-7f63239c7000 rw-p 00000000 00:00 0 
7f63239c7000-7f63239c8000 r--p 00022000 08:04 2510231                    /lib/x86_64-linux-gnu/ld-2.19.so
7f63239c8000-7f63239c9000 rw-p 00023000 08:04 2510231                    /lib/x86_64-linux-gnu/ld-2.19.so
7f63239c9000-7f63239ca000 rw-p 00000000 00:00 0 
7fff33f8b000-7fff33fad000 rw-p 00000000 00:00 0                          [stack]
7fff33fe9000-7fff33feb000 r-xp 00000000 00:00 0                          [vdso]
ffffffffff600000-ffffffffff601000 r-xp 00000000 00:00 0                  [vsyscall]

VM Arguments:
jvm_args: -Xmx1024M -Dfile.encoding=UTF-8 -Duser.country=IN -Duser.language=en -Duser.variant 
java_command: com.android.dx.command.Main --dex --output /home/dinesh/Shuzuka/app/build/intermediates/dex/debug /home/dinesh/Shuzuka/app/build/intermediates/classes/debug /home/dinesh/Shuzuka/app/build/intermediates/pre-dexed/debug/support-annotations-22.0.0-9876d1ce72c13bbd48a909193fe2b2ce49bea733.jar /home/dinesh/Shuzuka/app/build/intermediates/pre-dexed/debug/classes-e70409aa711901c40835b89ac56a01ff18b1b559.jar /home/dinesh/Shuzuka/app/build/intermediates/pre-dexed/debug/classes-f8abf093bb338998e28f6f84eb1d1b4eae77e267.jar /home/dinesh/Shuzuka/app/build/intermediates/pre-dexed/debug/classes-cbf39ded0a06df46c4a58f781e5f48b09de0bfee.jar /home/dinesh/Shuzuka/app/build/intermediates/pre-dexed/debug/classes-b163b7d0e6fb24c9141b9de3185594b0e2e460a8.jar /home/dinesh/Shuzuka/app/build/intermediates/pre-dexed/debug/classes-b739fdf6e7149141ecaf6749d02e55650ff7c45f.jar /home/dinesh/Shuzuka/app/build/intermediates/pre-dexed/debug/classes-8dea2dbb92ad4016b74e76d3704cb9a103fb639b.jar /home/dinesh/Shuzuka/app/build/intermediates/pre-dexed/debug/classes-59c1840cd98ad2b901fe5afd9a2713d24715bd67.jar /home/dinesh/Shuzuka/app/build/intermediates/pre-dexed/debug/classes-0a0505bb79c4d4c1eac3ee215fa8cc4c6deeabb3.jar /home/dinesh/Shuzuka/app/build/intermediates/pre-dexed/debug/classes-63f0dc4dec34528e2b6de879c2f7055c6b2e31a5.jar /home/dinesh/Shuzuka/app/build/intermediates/pre-dexed/debug/library-1.0.15-93f5218eea7a1f5130e3401635ebeabe43f7b7b5.jar /home/dinesh/Shuzuka/app/build/intermediates/pre-dexed/debug/classes-cef517d08f8246b5bb082ba0f8feb98541e6cdc3.jar /home/dinesh/Shuzuka/app/build/intermediates/pre-dexed/debug/classes-3f786a3bee8645ea54b2adbe4a4f34459bf49a2d.jar /home/dinesh/Shuzuka/app/build/intermediates/pre-dexed/debug/classes-1b0f0e0a1f48e369dc3e5a150c29b02264cbf658.jar /home/dinesh/Shuzuka/app/build/intermediates/pre-dexed/debug/classes-965fe55196ace6262f0686ea49efbcfbb6d25fb0.jar /home/dinesh/Shuzuka/app/build/intermediates/pre-dexed/debug/classes-b41e5af62969e59d3f1079
Launcher Type: SUN_STANDARD

Environment Variables:
CLASSPATH=/home/dinesh/Documents/android-studio/bin/../lib/bootstrap.jar:/home/dinesh/Documents/android-studio/bin/../lib/extensions.jar:/home/dinesh/Documents/android-studio/bin/../lib/util.jar:/home/dinesh/Documents/android-studio/bin/../lib/jdom.jar:/home/dinesh/Documents/android-studio/bin/../lib/log4j.jar:/home/dinesh/Documents/android-studio/bin/../lib/trove4j.jar:/home/dinesh/Documents/android-studio/bin/../lib/jna.jar:/usr/lib/jvm/java-7-oracle/lib/tools.jar
PATH=/usr/local/sbin:/usr/local/bin:/usr/sbin:/usr/bin:/sbin:/bin:/usr/games:/usr/local/games
LD_LIBRARY_PATH=/home/dinesh/Documents/android-studio/bin:
SHELL=/bin/bash
DISPLAY=:0

Signal Handlers:
SIGSEGV: [libjvm.so+0x9a1a10], sa_mask[0]=0x7ffbfeff, sa_flags=0x10000004
SIGBUS: [libjvm.so+0x9a1a10], sa_mask[0]=0x7ffbfeff, sa_flags=0x10000004
SIGFPE: [libjvm.so+0x81bae0], sa_mask[0]=0x7ffbfeff, sa_flags=0x10000004
SIGPIPE: [libjvm.so+0x81bae0], sa_mask[0]=0x7ffbfeff, sa_flags=0x10000004
SIGXFSZ: [libjvm.so+0x81bae0], sa_mask[0]=0x7ffbfeff, sa_flags=0x10000004
SIGILL: [libjvm.so+0x81bae0], sa_mask[0]=0x7ffbfeff, sa_flags=0x10000004
SIGUSR1: SIG_DFL, sa_mask[0]=0x00000000, sa_flags=0x00000000
SIGUSR2: [libjvm.so+0x81d2e0], sa_mask[0]=0x00000004, sa_flags=0x10000004
SIGHUP: [libjvm.so+0x81e400], sa_mask[0]=0x7ffbfeff, sa_flags=0x10000004
SIGINT: [libjvm.so+0x81e400], sa_mask[0]=0x7ffbfeff, sa_flags=0x10000004
SIGTERM: [libjvm.so+0x81e400], sa_mask[0]=0x7ffbfeff, sa_flags=0x10000004
SIGQUIT: [libjvm.so+0x81e400], sa_mask[0]=0x7ffbfeff, sa_flags=0x10000004


---------------  S Y S T E M  ---------------

OS:jessie/sid

uname:Linux 3.13.0-32-generic #57-Ubuntu SMP Tue Jul 15 03:51:08 UTC 2014 x86_64
libc:glibc 2.19 NPTL 2.19 
rlimit: STACK 8192k, CORE 0k, NPROC 62981, NOFILE 4096, AS infinity
load average:8.41 4.72 3.88

/proc/meminfo:
MemTotal:        8083188 kB
MemFree:          888700 kB
Buffers:            1256 kB
Cached:           727184 kB
SwapCached:            0 kB
Active:          6197812 kB
Inactive:         722636 kB
Active(anon):    6196104 kB
Inactive(anon):   672332 kB
Active(file):       1708 kB
Inactive(file):    50304 kB
Unevictable:         156 kB
Mlocked:             156 kB
SwapTotal:             0 kB
SwapFree:              0 kB
Dirty:                 0 kB
Writeback:             4 kB
AnonPages:       6192680 kB
Mapped:           234920 kB
Shmem:            676084 kB
Slab:              98728 kB
SReclaimable:      46020 kB
SUnreclaim:        52708 kB
KernelStack:        7936 kB
PageTables:        74652 kB
NFS_Unstable:          0 kB
Bounce:                0 kB
WritebackTmp:          0 kB
CommitLimit:     4041592 kB
Committed_AS:   14961652 kB
VmallocTotal:   34359738367 kB
VmallocUsed:      460908 kB
VmallocChunk:   34359204556 kB
HardwareCorrupted:     0 kB
AnonHugePages:   3508224 kB
HugePages_Total:       0
HugePages_Free:        0
HugePages_Rsvd:        0
HugePages_Surp:        0
Hugepagesize:       2048 kB
DirectMap4k:       87016 kB
DirectMap2M:     4014080 kB
DirectMap1G:     4194304 kB


CPU:total 4 (2 cores per cpu, 2 threads per core) family 6 model 69 stepping 1, cmov, cx8, fxsr, mmx, sse, sse2, sse3, ssse3, sse4.1, sse4.2, popcnt, avx, avx2, aes, erms, ht, tsc, tscinvbit

/proc/cpuinfo:
processor	: 0
vendor_id	: GenuineIntel
cpu family	: 6
model		: 69
model name	: Intel(R) Core(TM) i5-4278U CPU @ 2.60GHz
stepping	: 1
microcode	: 0x17
cpu MHz		: 2500.000
cache size	: 3072 KB
physical id	: 0
siblings	: 4
core id		: 0
cpu cores	: 2
apicid		: 0
initial apicid	: 0
fpu		: yes
fpu_exception	: yes
cpuid level	: 13
wp		: yes
flags		: fpu vme de pse tsc msr pae mce cx8 apic sep mtrr pge mca cmov pat pse36 clflush dts acpi mmx fxsr sse sse2 ss ht tm pbe syscall nx pdpe1gb rdtscp lm constant_tsc arch_perfmon pebs bts rep_good nopl xtopology nonstop_tsc aperfmperf eagerfpu pni pclmulqdq dtes64 monitor ds_cpl vmx est tm2 ssse3 fma cx16 xtpr pdcm pcid sse4_1 sse4_2 x2apic movbe popcnt tsc_deadline_timer aes xsave avx f16c rdrand lahf_lm abm ida arat epb xsaveopt pln pts dtherm tpr_shadow vnmi flexpriority ept vpid fsgsbase tsc_adjust bmi1 avx2 smep bmi2 erms invpcid
bogomips	: 5199.78
clflush size	: 64
cache_alignment	: 64
address sizes	: 39 bits physical, 48 bits virtual
power management:

processor	: 1
vendor_id	: GenuineIntel
cpu family	: 6
model		: 69
model name	: Intel(R) Core(TM) i5-4278U CPU @ 2.60GHz
stepping	: 1
microcode	: 0x17
cpu MHz		: 2600.000
cache size	: 3072 KB
physical id	: 0
siblings	: 4
core id		: 1
cpu cores	: 2
apicid		: 2
initial apicid	: 2
fpu		: yes
fpu_exception	: yes
cpuid level	: 13
wp		: yes
flags		: fpu vme de pse tsc msr pae mce cx8 apic sep mtrr pge mca cmov pat pse36 clflush dts acpi mmx fxsr sse sse2 ss ht tm pbe syscall nx pdpe1gb rdtscp lm constant_tsc arch_perfmon pebs bts rep_good nopl xtopology nonstop_tsc aperfmperf eagerfpu pni pclmulqdq dtes64 monitor ds_cpl vmx est tm2 ssse3 fma cx16 xtpr pdcm pcid sse4_1 sse4_2 x2apic movbe popcnt tsc_deadline_timer aes xsave avx f16c rdrand lahf_lm abm ida arat epb xsaveopt pln pts dtherm tpr_shadow vnmi flexpriority ept vpid fsgsbase tsc_adjust bmi1 avx2 smep bmi2 erms invpcid
bogomips	: 5199.78
clflush size	: 64
cache_alignment	: 64
address sizes	: 39 bits physical, 48 bits virtual
power management:

processor	: 2
vendor_id	: GenuineIntel
cpu family	: 6
model		: 69
model name	: Intel(R) Core(TM) i5-4278U CPU @ 2.60GHz
stepping	: 1
microcode	: 0x17
cpu MHz		: 2600.000
cache size	: 3072 KB
physical id	: 0
siblings	: 4
core id		: 0
cpu cores	: 2
apicid		: 1
initial apicid	: 1
fpu		: yes
fpu_exception	: yes
cpuid level	: 13
wp		: yes
flags		: fpu vme de pse tsc msr pae mce cx8 apic sep mtrr pge mca cmov pat pse36 clflush dts acpi mmx fxsr sse sse2 ss ht tm pbe syscall nx pdpe1gb rdtscp lm constant_tsc arch_perfmon pebs bts rep_good nopl xtopology nonstop_tsc aperfmperf eagerfpu pni pclmulqdq dtes64 monitor ds_cpl vmx est tm2 ssse3 fma cx16 xtpr pdcm pcid sse4_1 sse4_2 x2apic movbe popcnt tsc_deadline_timer aes xsave avx f16c rdrand lahf_lm abm ida arat epb xsaveopt pln pts dtherm tpr_shadow vnmi flexpriority ept vpid fsgsbase tsc_adjust bmi1 avx2 smep bmi2 erms invpcid
bogomips	: 5199.78
clflush size	: 64
cache_alignment	: 64
address sizes	: 39 bits physical, 48 bits virtual
power management:

processor	: 3
vendor_id	: GenuineIntel
cpu family	: 6
model		: 69
model name	: Intel(R) Core(TM) i5-4278U CPU @ 2.60GHz
stepping	: 1
microcode	: 0x17
cpu MHz		: 2600.000
cache size	: 3072 KB
physical id	: 0
siblings	: 4
core id		: 1
cpu cores	: 2
apicid		: 3
initial apicid	: 3
fpu		: yes
fpu_exception	: yes
cpuid level	: 13
wp		: yes
flags		: fpu vme de pse tsc msr pae mce cx8 apic sep mtrr pge mca cmov pat pse36 clflush dts acpi mmx fxsr sse sse2 ss ht tm pbe syscall nx pdpe1gb rdtscp lm constant_tsc arch_perfmon pebs bts rep_good nopl xtopology nonstop_tsc aperfmperf eagerfpu pni pclmulqdq dtes64 monitor ds_cpl vmx est tm2 ssse3 fma cx16 xtpr pdcm pcid sse4_1 sse4_2 x2apic movbe popcnt tsc_deadline_timer aes xsave avx f16c rdrand lahf_lm abm ida arat epb xsaveopt pln pts dtherm tpr_shadow vnmi flexpriority ept vpid fsgsbase tsc_adjust bmi1 avx2 smep bmi2 erms invpcid
bogomips	: 5199.78
clflush size	: 64
cache_alignment	: 64
address sizes	: 39 bits physical, 48 bits virtual
power management:



Memory: 4k page, physical 8083188k(888700k free), swap 0k(0k free)

vm_info: Java HotSpot(TM) 64-Bit Server VM (24.72-b04) for linux-amd64 JRE (1.7.0_72-b14), built on Sep 26 2014 18:20:41 by "java_re" with gcc 4.3.0 20080428 (Red Hat 4.3.0-8)

time: Sat Mar 28 11:11:10 2015
elapsed time: 17 seconds

